<?xml version="1.0" encoding="UTF-8"?>
<testsuite name="com.example.rest_api.RestApiApplicationTests" tests="1" skipped="0" failures="0" errors="0" timestamp="2025-06-30T01:28:34.468Z" hostname="KWONBOMI" time="2.639">
  <properties/>
  <testcase name="contextLoads()" classname="com.example.rest_api.RestApiApplicationTests" time="2.639"/>
  <system-out><![CDATA[10:28:28.822 [Test worker] INFO org.springframework.test.context.support.AnnotationConfigContextLoaderUtils -- Could not detect default configuration classes for test class [com.example.rest_api.RestApiApplicationTests]: RestApiApplicationTests does not declare any static, non-private, non-final, nested classes annotated with @Configuration.
10:28:29.243 [Test worker] INFO org.springframework.boot.test.context.SpringBootTestContextBootstrapper -- Found @SpringBootConfiguration com.example.rest_api.RestApiApplication for test class com.example.rest_api.RestApiApplicationTests

  .   ____          _            __ _ _
 /\\ / ___'_ __ _ _(_)_ __  __ _ \ \ \ \
( ( )\___ | '_ | '_| | '_ \/ _` | \ \ \ \
 \\/  ___)| |_)| | | | | || (_| |  ) ) ) )
  '  |____| .__|_| |_|_| |_\__, | / / / /
 =========|_|==============|___/=/_/_/_/

 :: Spring Boot ::                (v3.5.3)

2025-06-30T10:28:30.830+09:00  INFO 2308 --- [rest-api] [    Test worker] c.e.rest_api.RestApiApplicationTests     : Starting RestApiApplicationTests using Java 17.0.12 with PID 2308 (started by bomi0 in C:\kernel360\rest-api\rest-api)
2025-06-30T10:28:30.834+09:00  INFO 2308 --- [rest-api] [    Test worker] c.e.rest_api.RestApiApplicationTests     : No active profile set, falling back to 1 default profile: "default"
2025-06-30T10:28:34.413+09:00  INFO 2308 --- [rest-api] [    Test worker] c.e.rest_api.RestApiApplicationTests     : Started RestApiApplicationTests in 4.538 seconds (process running for 9.073)
{"user_name":"홍길동","user_age":10,"email":"hong@gmail.com","is_korean":true}
UserRequest(userName=홍길동, userAge=10, email=hong@gmail.com, isKorean=true)
]]></system-out>
  <system-err><![CDATA[]]></system-err>
</testsuite>
